<?xml version="1.0" encoding="UTF-8"?>
<!-- Generated by org.testng.reporters.JUnitXMLReporter -->
<testsuite hostname="DESKTOP-UHFDCLI" ignored="1" name="Test" tests="2" failures="0" timestamp="08 Nov 2017 11:07:44 GMT" time="168.379" errors="0">
  <testcase name="setCheckInDate" time="19.086" classname="TestCases.SetDate"/>
  <testcase name="verifyPayments" time="79.409" classname="TestCases.ValidatePayAtHotel"/>
  <testcase name="@BeforeSuite beforeSuite" time="0.0" classname="baseSetup.Setup">
    <ignored/>
  </testcase> <!-- @BeforeSuite beforeSuite -->
</testsuite> <!-- Test -->
